# JRE version: Java(TM) SE Runtime Environment (14.0+36) (build 14+36-1461)
# Java VM: Java HotSpot(TM) 64-Bit Server VM (14+36-1461, mixed mode, sharing, tiered, compressed oops, g1 gc, windows-amd64)
Heap:
 garbage-first heap   total 46080K, used 19135K [0x0000000081600000, 0x0000000100000000)
  region size 1024K, 8 young (8192K), 0 survivors (0K)
 Metaspace       used 28795K, capacity 30035K, committed 30208K, reserved 1075200K
  class space    used 3815K, capacity 4303K, committed 4352K, reserved 1048576K
GC Heap History (20 events):
Event: 1.685 GC heap before
{Heap before GC invocations=2 (full 0):
 garbage-first heap   total 131072K, used 27763K [0x0000000081600000, 0x0000000100000000)
  region size 1024K, 25 young (25600K), 2 survivors (2048K)
 Metaspace       used 9471K, capacity 9801K, committed 9984K, reserved 1058816K
  class space    used 1148K, capacity 1271K, committed 1280K, reserved 1048576K
}
Event: 1.690 GC heap after
{Heap after GC invocations=3 (full 0):
 garbage-first heap   total 131072K, used 5761K [0x0000000081600000, 0x0000000100000000)
  region size 1024K, 2 young (2048K), 2 survivors (2048K)
 Metaspace       used 9471K, capacity 9801K, committed 9984K, reserved 1058816K
  class space    used 1148K, capacity 1271K, committed 1280K, reserved 1048576K
}
Event: 2.386 GC heap before
{Heap before GC invocations=3 (full 0):
 garbage-first heap   total 131072K, used 80513K [0x0000000081600000, 0x0000000100000000)
  region size 1024K, 76 young (77824K), 2 survivors (2048K)
 Metaspace       used 16120K, capacity 16767K, committed 16896K, reserved 1064960K
  class space    used 2072K, capacity 2287K, committed 2304K, reserved 1048576K
}
Event: 2.395 GC heap after
{Heap after GC invocations=4 (full 0):
 garbage-first heap   total 131072K, used 7713K [0x0000000081600000, 0x0000000100000000)
  region size 1024K, 4 young (4096K), 4 survivors (4096K)
 Metaspace       used 16120K, capacity 16767K, committed 16896K, reserved 1064960K
  class space    used 2072K, capacity 2287K, committed 2304K, reserved 1048576K
}
Event: 3.494 GC heap before
{Heap before GC invocations=4 (full 0):
 garbage-first heap   total 131072K, used 81441K [0x0000000081600000, 0x0000000100000000)
  region size 1024K, 76 young (77824K), 4 survivors (4096K)
 Metaspace       used 20222K, capacity 21028K, committed 21248K, reserved 1067008K
  class space    used 2668K, capacity 2992K, committed 3072K, reserved 1048576K
}
Event: 3.508 GC heap after
{Heap after GC invocations=5 (full 0):
 garbage-first heap   total 157696K, used 9452K [0x0000000081600000, 0x0000000100000000)
  region size 1024K, 6 young (6144K), 6 survivors (6144K)
 Metaspace       used 20222K, capacity 21028K, committed 21248K, reserved 1067008K
  class space    used 2668K, capacity 2992K, committed 3072K, reserved 1048576K
}
Event: 3.529 GC heap before
{Heap before GC invocations=5 (full 0):
 garbage-first heap   total 157696K, used 10476K [0x0000000081600000, 0x0000000100000000)
  region size 1024K, 8 young (8192K), 6 survivors (6144K)
 Metaspace       used 20328K, capacity 21162K, committed 21248K, reserved 1067008K
  class space    used 2680K, capacity 2994K, committed 3072K, reserved 1048576K
}
Event: 3.542 GC heap after
{Heap after GC invocations=6 (full 0):
 garbage-first heap   total 157696K, used 9848K [0x0000000081600000, 0x0000000100000000)
  region size 1024K, 6 young (6144K), 6 survivors (6144K)
 Metaspace       used 20328K, capacity 21162K, committed 21248K, reserved 1067008K
  class space    used 2680K, capacity 2994K, committed 3072K, reserved 1048576K
}
Event: 3.841 GC heap before
{Heap before GC invocations=7 (full 0):
 garbage-first heap   total 37888K, used 26232K [0x0000000081600000, 0x0000000100000000)
  region size 1024K, 22 young (22528K), 6 survivors (6144K)
 Metaspace       used 21745K, capacity 22758K, committed 22784K, reserved 1069056K
  class space    used 2912K, capacity 3313K, committed 3328K, reserved 1048576K
}
Event: 3.856 GC heap after
{Heap after GC invocations=8 (full 0):
 garbage-first heap   total 37888K, used 10719K [0x0000000081600000, 0x0000000100000000)
  region size 1024K, 2 young (2048K), 2 survivors (2048K)
 Metaspace       used 21745K, capacity 22758K, committed 22784K, reserved 1069056K
  class space    used 2912K, capacity 3313K, committed 3328K, reserved 1048576K
}
Event: 4.006 GC heap before
{Heap before GC invocations=8 (full 0):
 garbage-first heap   total 37888K, used 28127K [0x0000000081600000, 0x0000000100000000)
  region size 1024K, 19 young (19456K), 2 survivors (2048K)
 Metaspace       used 23038K, capacity 24039K, committed 24192K, reserved 1071104K
  class space    used 3027K, capacity 3420K, committed 3456K, reserved 1048576K
}
Event: 4.011 GC heap after
{Heap after GC invocations=9 (full 0):
 garbage-first heap   total 37888K, used 11028K [0x0000000081600000, 0x0000000100000000)
  region size 1024K, 2 young (2048K), 2 survivors (2048K)
 Metaspace       used 23038K, capacity 24039K, committed 24192K, reserved 1071104K
  class space    used 3027K, capacity 3420K, committed 3456K, reserved 1048576K
}
Event: 4.387 GC heap before
{Heap before GC invocations=9 (full 0):
 garbage-first heap   total 37888K, used 28436K [0x0000000081600000, 0x0000000100000000)
  region size 1024K, 19 young (19456K), 2 survivors (2048K)
 Metaspace       used 24174K, capacity 25188K, committed 25472K, reserved 1071104K
  class space    used 3195K, capacity 3587K, committed 3712K, reserved 1048576K
}
Event: 4.393 GC heap after
{Heap after GC invocations=10 (full 0):
 garbage-first heap   total 37888K, used 11798K [0x0000000081600000, 0x0000000100000000)
  region size 1024K, 3 young (3072K), 3 survivors (3072K)
 Metaspace       used 24174K, capacity 25188K, committed 25472K, reserved 1071104K
  class space    used 3195K, capacity 3587K, committed 3712K, reserved 1048576K
}
Event: 4.582 GC heap before
{Heap before GC invocations=10 (full 0):
 garbage-first heap   total 37888K, used 28182K [0x0000000081600000, 0x0000000100000000)
  region size 1024K, 19 young (19456K), 3 survivors (3072K)
 Metaspace       used 25348K, capacity 26474K, committed 26624K, reserved 1073152K
  class space    used 3353K, capacity 3756K, committed 3840K, reserved 1048576K
}
Event: 4.590 GC heap after
{Heap after GC invocations=11 (full 0):
 garbage-first heap   total 46080K, used 12650K [0x0000000081600000, 0x0000000100000000)
  region size 1024K, 3 young (3072K), 3 survivors (3072K)
 Metaspace       used 25348K, capacity 26474K, committed 26624K, reserved 1073152K
  class space    used 3353K, capacity 3756K, committed 3840K, reserved 1048576K
}
Event: 5.916 GC heap before
{Heap before GC invocations=11 (full 0):
 garbage-first heap   total 46080K, used 35178K [0x0000000081600000, 0x0000000100000000)
  region size 1024K, 25 young (25600K), 3 survivors (3072K)
 Metaspace       used 27372K, capacity 28565K, committed 28672K, reserved 1073152K
  class space    used 3624K, capacity 4071K, committed 4096K, reserved 1048576K
}
Event: 5.924 GC heap after
{Heap after GC invocations=12 (full 0):
 garbage-first heap   total 46080K, used 13579K [0x0000000081600000, 0x0000000100000000)
  region size 1024K, 3 young (3072K), 3 survivors (3072K)
 Metaspace       used 27372K, capacity 28565K, committed 28672K, reserved 1073152K
  class space    used 3624K, capacity 4071K, committed 4096K, reserved 1048576K
}
Event: 86.226 GC heap before
{Heap before GC invocations=12 (full 0):
 garbage-first heap   total 46080K, used 27915K [0x0000000081600000, 0x0000000100000000)
  region size 1024K, 18 young (18432K), 3 survivors (3072K)
 Metaspace       used 28515K, capacity 29751K, committed 29952K, reserved 1075200K
  class space    used 3765K, capacity 4231K, committed 4352K, reserved 1048576K
}
Event: 86.262 GC heap after
{Heap after GC invocations=13 (full 1):
 garbage-first heap   total 46080K, used 11967K [0x0000000081600000, 0x0000000100000000)
  region size 1024K, 0 young (0K), 0 survivors (0K)
 Metaspace       used 28515K, capacity 29751K, committed 29952K, reserved 1075200K
  class space    used 3765K, capacity 4231K, committed 4352K, reserved 1048576K
}

